mode: set
github.com/ingmardrewing/static/main.go:31.13,39.2 7 1
github.com/ingmardrewing/static/main.go:41.50,43.2 1 1
github.com/ingmardrewing/static/main.go:45.13,48.2 2 0
github.com/ingmardrewing/static/main.go:50.26,52.2 1 1
github.com/ingmardrewing/static/main.go:54.55,55.20 1 0
github.com/ingmardrewing/static/main.go:55.20,56.11 1 0
github.com/ingmardrewing/static/main.go:59.3,59.12 1 0
github.com/ingmardrewing/static/main.go:62.3,62.14 1 0
github.com/ingmardrewing/static/main.go:65.3,65.13 1 0
github.com/ingmardrewing/static/main.go:68.3,68.13 1 0
github.com/ingmardrewing/static/main.go:56.11,58.4 1 0
github.com/ingmardrewing/static/main.go:59.12,61.4 1 0
github.com/ingmardrewing/static/main.go:62.14,64.4 1 0
github.com/ingmardrewing/static/main.go:65.13,67.4 1 0
github.com/ingmardrewing/static/main.go:72.28,75.2 2 1
github.com/ingmardrewing/static/main.go:77.29,82.10 2 0
github.com/ingmardrewing/static/main.go:83.2,86.10 1 0
github.com/ingmardrewing/static/main.go:89.2,92.10 1 0
github.com/ingmardrewing/static/main.go:95.2,98.10 1 0
github.com/ingmardrewing/static/main.go:101.2,104.10 1 0
github.com/ingmardrewing/static/main.go:108.2,108.6 1 0
github.com/ingmardrewing/static/main.go:82.10,82.24 1 0
github.com/ingmardrewing/static/main.go:86.10,88.4 1 0
github.com/ingmardrewing/static/main.go:92.10,94.4 1 0
github.com/ingmardrewing/static/main.go:98.10,100.4 1 0
github.com/ingmardrewing/static/main.go:104.10,106.4 1 0
github.com/ingmardrewing/static/main.go:108.6,110.3 1 0
github.com/ingmardrewing/static/main.go:113.15,117.2 3 0
github.com/ingmardrewing/static/main.go:119.67,122.2 2 1
github.com/ingmardrewing/static/main.go:124.45,129.2 4 1
github.com/ingmardrewing/static/main.go:131.50,136.2 4 1
github.com/ingmardrewing/static/main.go:138.14,141.2 2 0
github.com/ingmardrewing/static/main.go:143.41,153.2 9 0
github.com/ingmardrewing/static/main.go:155.20,169.2 10 0
github.com/ingmardrewing/static/main.go:171.55,176.2 4 0
github.com/ingmardrewing/static/main.go:183.43,184.25 1 0
github.com/ingmardrewing/static/main.go:184.25,186.3 1 0
github.com/ingmardrewing/static/main.go:189.25,191.16 2 0
github.com/ingmardrewing/static/main.go:191.16,194.3 2 0
